22-Sep-25 16:22:50 - INFO - Adding Mutations from Sample: RP-1895_10004-C1D1_v1_Exome_OnPrem-RP-1895_Saliva-372_v1_Exome_OnPrem
22-Sep-25 16:22:50 - INFO - Added sample RP-1895_10004-C1D1_v1_Exome_OnPrem-RP-1895_Saliva-372_v1_Exome_OnPrem
22-Sep-25 16:22:50 - INFO - Adding Mutations from Sample: RP-1895_10157-C2D28_v1_Exome_OnPrem-RP-1895_Saliva-372_v1_Exome_OnPrem
22-Sep-25 16:22:50 - INFO - Added sample RP-1895_10157-C2D28_v1_Exome_OnPrem-RP-1895_Saliva-372_v1_Exome_OnPrem
22-Sep-25 16:22:50 - INFO - Adding Mutations from Sample: RP-1895_10227-C3D28_v1_Exome_OnPrem-RP-1895_Saliva-372_v1_Exome_OnPrem
22-Sep-25 16:22:50 - INFO - Added sample RP-1895_10227-C3D28_v1_Exome_OnPrem-RP-1895_Saliva-372_v1_Exome_OnPrem
22-Sep-25 16:22:50 - INFO - Adding Mutations from Sample: RP-1895_10304-C4D28_v1_Exome_OnPrem-RP-1895_Saliva-372_v1_Exome_OnPrem
22-Sep-25 16:22:50 - INFO - Added sample RP-1895_10304-C4D28_v1_Exome_OnPrem-RP-1895_Saliva-372_v1_Exome_OnPrem
22-Sep-25 16:22:50 - INFO - Adding Mutations from Sample: RP-1895_10428-C6D28_v1_Exome_OnPrem-RP-1895_Saliva-372_v1_Exome_OnPrem
22-Sep-25 16:22:50 - INFO - Added sample RP-1895_10428-C6D28_v1_Exome_OnPrem-RP-1895_Saliva-372_v1_Exome_OnPrem
22-Sep-25 16:22:50 - INFO - Adding Mutations from Sample: SM-N57UY_RP-1895_Saliva-372_v1_Exome_OnPrem_pair
22-Sep-25 16:22:50 - INFO - Added sample SM-N57UY_RP-1895_Saliva-372_v1_Exome_OnPrem_pair
22-Sep-25 16:22:50 - INFO - Adding Mutations from Sample: SM-N57UZ_RP-1895_Saliva-372_v1_Exome_OnPrem_pair
22-Sep-25 16:22:50 - INFO - Added sample SM-N57UZ_RP-1895_Saliva-372_v1_Exome_OnPrem_pair
22-Sep-25 16:22:50 - INFO - Adding Mutations from Sample: SM-N57UW_RP-1895_Saliva-372_v1_Exome_OnPrem_pair
22-Sep-25 16:22:50 - INFO - Added sample SM-N57UW_RP-1895_Saliva-372_v1_Exome_OnPrem_pair
22-Sep-25 16:22:50 - INFO - Adding Mutations from Sample: SM-N57UX
22-Sep-25 16:22:50 - INFO - Added sample SM-N57UX
22-Sep-25 16:22:50 - INFO - Adding Mutations from Sample: SM-N57UU_RP-1895_Saliva-372_v1_Exome_OnPrem_pair
22-Sep-25 16:22:50 - INFO - Added sample SM-N57UU_RP-1895_Saliva-372_v1_Exome_OnPrem_pair
